#
# There is insufficient memory for the Java Runtime Environment to continue.
# Native memory allocation (malloc) failed to allocate 586896 bytes. Error detail: Chunk::new
# Possible reasons:
#   The system is out of physical RAM or swap space
#   This process is running with CompressedOops enabled, and the Java Heap may be blocking the growth of the native heap
# Possible solutions:
#   Reduce memory load on the system
#   Increase physical memory or swap space
#   Check if swap backing store is full
#   Decrease Java heap size (-Xmx/-Xms)
#   Decrease number of Java threads
#   Decrease Java thread stack sizes (-Xss)
#   Set larger code cache with -XX:ReservedCodeCacheSize=
#   JVM is running with Unscaled Compressed Oops mode in which the Java heap is
#     placed in the first 4GB address space. The Java Heap base address is the
#     maximum limit for the native heap growth. Please use -XX:HeapBaseMinAddress
#     to set the Java Heap base and to place the Java Heap above 4GB virtual address.
# This output file may be truncated or incomplete.
#
#  Out of Memory Error (arena.cpp:168), pid=23556, tid=1476
#
# JRE version: OpenJDK Runtime Environment Temurin-21.0.7+6 (21.0.7+6) (build 21.0.7+6-LTS)
# Java VM: OpenJDK 64-Bit Server VM Temurin-21.0.7+6 (21.0.7+6-LTS, mixed mode, sharing, tiered, compressed oops, compressed class ptrs, parallel gc, windows-amd64)
# No core dump will be written. Minidumps are not enabled by default on client versions of Windows
#

---------------  S U M M A R Y ------------

Command Line: --add-modules=ALL-SYSTEM --add-opens=java.base/java.util=ALL-UNNAMED --add-opens=java.base/java.lang=ALL-UNNAMED --add-opens=java.base/sun.nio.fs=ALL-UNNAMED -Declipse.application=org.eclipse.jdt.ls.core.id1 -Dosgi.bundles.defaultStartLevel=4 -Declipse.product=org.eclipse.jdt.ls.core.product -Djava.import.generatesMetadataFilesAtProjectRoot=false -DDetectVMInstallationsJob.disabled=true -Dfile.encoding=utf8 -XX:+UseParallelGC -XX:GCTimeRatio=4 -XX:AdaptiveSizePolicyWeight=90 -Dsun.zip.disableMemoryMapping=true -Xmx1G -Xms100m -Xlog:disable -javaagent:c:\Users\Amar WADE\.cursor\extensions\redhat.java-1.42.0-win32-x64\lombok\lombok-1.18.36.jar -XX:+HeapDumpOnOutOfMemoryError -XX:HeapDumpPath=c:\Users\Amar WADE\AppData\Roaming\Cursor\User\workspaceStorage\71472d98af3b4b16cc4d66dd398ac668\redhat.java -Daether.dependencyCollector.impl=bf c:\Users\Amar WADE\.cursor\extensions\redhat.java-1.42.0-win32-x64\server\plugins\org.eclipse.equinox.launcher_1.7.0.v20250424-1814.jar -configuration c:\Users\Amar WADE\AppData\Roaming\Cursor\User\globalStorage\redhat.java\1.42.0\config_win -data c:\Users\Amar WADE\AppData\Roaming\Cursor\User\workspaceStorage\71472d98af3b4b16cc4d66dd398ac668\redhat.java\jdt_ws --pipe=\\.\pipe\lsp-68cb6b9029425f397d1bd5ce4f9792d4-sock

Host: Intel(R) Core(TM) i5-10210U CPU @ 1.60GHz, 8 cores, 11G,  Windows 11 , 64 bit Build 26100 (10.0.26100.3912)
Time: Wed Jun  4 16:46:47 2025 Greenwich elapsed time: 375.140658 seconds (0d 0h 6m 15s)

---------------  T H R E A D  ---------------

Current thread (0x000001387d9313f0):  JavaThread "C2 CompilerThread0" daemon [_thread_in_native, id=1476, stack(0x00000002aea00000,0x00000002aeb00000) (1024K)]


Current CompileTask:
C2:375141 15842   !   4       org.apache.maven.model.Model::clone (502 bytes)

Stack: [0x00000002aea00000,0x00000002aeb00000]
Native frames: (J=compiled Java code, j=interpreted, Vv=VM code, C=native code)
V  [jvm.dll+0x6ce119]
V  [jvm.dll+0x8a84a1]
V  [jvm.dll+0x8aa9ce]
V  [jvm.dll+0x8ab0b3]
V  [jvm.dll+0x27f8a6]
V  [jvm.dll+0xc507d]
V  [jvm.dll+0xc55b3]
V  [jvm.dll+0x2f2c6d]
V  [jvm.dll+0x5f6bca]
V  [jvm.dll+0x250cb2]
V  [jvm.dll+0x249626]
V  [jvm.dll+0x246fc4]
V  [jvm.dll+0x1c760e]
V  [jvm.dll+0x25695a]
V  [jvm.dll+0x254efa]
V  [jvm.dll+0x3f03f6]
V  [jvm.dll+0x851f6b]
V  [jvm.dll+0x6cc7dd]
C  [ucrtbase.dll+0x37b0]
C  [KERNEL32.DLL+0x2e8d7]
C  [ntdll.dll+0x9c5dc]


---------------  P R O C E S S  ---------------

Threads class SMR info:
_java_thread_list=0x00000138549f7ff0, length=62, elements={
0x0000013878560ab0, 0x000001387d914aa0, 0x000001387d916b10, 0x000001387d91b2a0,
0x000001387d91dbb0, 0x000001387d920bc0, 0x000001387d921f70, 0x000001387d9313f0,
0x000001387d934d20, 0x000001387d923320, 0x000001387d9218e0, 0x000001387d9239b0,
0x000001387d921250, 0x000001387d922600, 0x000001387d922c90, 0x000001387d924040,
0x000001387f2f80d0, 0x000001387f2f9b10, 0x000001387f2f9480, 0x000001387f2fd620,
0x000001387f2fcf90, 0x000001387f2faec0, 0x000001387f2fc900, 0x000001387f2fdcb0,
0x000001387f2fc270, 0x000001387f2fa830, 0x000001387f2fe340, 0x000001387f2fe9d0,
0x000001387f2ff060, 0x000001387f2ff6f0, 0x00000138579e3ca0, 0x00000138579e1bd0,
0x00000138579e4330, 0x00000138579e2260, 0x00000138579e56e0, 0x00000138579e2f80,
0x00000138579e3610, 0x00000138579e7e40, 0x00000138579e7120, 0x00000138579e77b0,
0x000001387f2fb550, 0x00000138557fe610, 0x00000138557fdf80, 0x00000138557ff330,
0x00000138557feca0, 0x00000138557fc540, 0x00000138558034d0, 0x0000013855800050,
0x0000013855801400, 0x00000138558006e0, 0x00000138558027b0, 0x00000138557fcbd0,
0x00000138557fd260, 0x0000013855801a90, 0x0000013855802120, 0x00000138579e28f0,
0x00000138579e6400, 0x00000138579e49c0, 0x00000138579e5050, 0x000001387f2f8df0,
0x00000138549eeff0, 0x00000138549ee920
}

Java Threads: ( => current thread )
  0x0000013878560ab0 JavaThread "main"                              [_thread_blocked, id=12880, stack(0x00000002ae000000,0x00000002ae100000) (1024K)]
  0x000001387d914aa0 JavaThread "Reference Handler"          daemon [_thread_blocked, id=26660, stack(0x00000002ae400000,0x00000002ae500000) (1024K)]
  0x000001387d916b10 JavaThread "Finalizer"                  daemon [_thread_blocked, id=24008, stack(0x00000002ae500000,0x00000002ae600000) (1024K)]
  0x000001387d91b2a0 JavaThread "Signal Dispatcher"          daemon [_thread_blocked, id=28120, stack(0x00000002ae600000,0x00000002ae700000) (1024K)]
  0x000001387d91dbb0 JavaThread "Attach Listener"            daemon [_thread_blocked, id=29268, stack(0x00000002ae700000,0x00000002ae800000) (1024K)]
  0x000001387d920bc0 JavaThread "Service Thread"             daemon [_thread_blocked, id=24144, stack(0x00000002ae800000,0x00000002ae900000) (1024K)]
  0x000001387d921f70 JavaThread "Monitor Deflation Thread"   daemon [_thread_blocked, id=33232, stack(0x00000002ae900000,0x00000002aea00000) (1024K)]
=>0x000001387d9313f0 JavaThread "C2 CompilerThread0"         daemon [_thread_in_native, id=1476, stack(0x00000002aea00000,0x00000002aeb00000) (1024K)]
  0x000001387d934d20 JavaThread "C1 CompilerThread0"         daemon [_thread_blocked, id=1272, stack(0x00000002aeb00000,0x00000002aec00000) (1024K)]
  0x000001387d923320 JavaThread "Common-Cleaner"             daemon [_thread_blocked, id=32440, stack(0x00000002aec00000,0x00000002aed00000) (1024K)]
  0x000001387d9218e0 JavaThread "Notification Thread"        daemon [_thread_blocked, id=22692, stack(0x00000002aed00000,0x00000002aee00000) (1024K)]
  0x000001387d9239b0 JavaThread "Active Thread: Equinox Container: 3ce634fa-1437-4a2d-8da4-794bb9b88c4b"        [_thread_blocked, id=27940, stack(0x00000002af600000,0x00000002af700000) (1024K)]
  0x000001387d921250 JavaThread "Refresh Thread: Equinox Container: 3ce634fa-1437-4a2d-8da4-794bb9b88c4b" daemon [_thread_blocked, id=31396, stack(0x00000002aee00000,0x00000002aef00000) (1024K)]
  0x000001387d922600 JavaThread "Framework Event Dispatcher: Equinox Container: 3ce634fa-1437-4a2d-8da4-794bb9b88c4b" daemon [_thread_blocked, id=6276, stack(0x00000002af700000,0x00000002af800000) (1024K)]
  0x000001387d922c90 JavaThread "Start Level: Equinox Container: 3ce634fa-1437-4a2d-8da4-794bb9b88c4b" daemon [_thread_blocked, id=32252, stack(0x00000002af800000,0x00000002af900000) (1024K)]
  0x000001387d924040 JavaThread "Bundle File Closer"         daemon [_thread_blocked, id=16484, stack(0x00000002af900000,0x00000002afa00000) (1024K)]
  0x000001387f2f80d0 JavaThread "SCR Component Actor"        daemon [_thread_blocked, id=1588, stack(0x00000002afa00000,0x00000002afb00000) (1024K)]
  0x000001387f2f9b10 JavaThread "Worker-JM"                         [_thread_blocked, id=29012, stack(0x00000002afe00000,0x00000002aff00000) (1024K)]
  0x000001387f2f9480 JavaThread "Java indexing"              daemon [_thread_blocked, id=21844, stack(0x00000002b0200000,0x00000002b0300000) (1024K)]
  0x000001387f2fd620 JavaThread "JNA Cleaner"                daemon [_thread_blocked, id=7408, stack(0x00000002b0400000,0x00000002b0500000) (1024K)]
  0x000001387f2fcf90 JavaThread "Worker-4"                          [_thread_blocked, id=14956, stack(0x00000002b0700000,0x00000002b0800000) (1024K)]
  0x000001387f2faec0 JavaThread "Worker-5: Building"                [_thread_blocked, id=7704, stack(0x00000002b0800000,0x00000002b0900000) (1024K)]
  0x000001387f2fc900 JavaThread "Thread-2"                   daemon [_thread_in_native, id=20048, stack(0x00000002b0900000,0x00000002b0a00000) (1024K)]
  0x000001387f2fdcb0 JavaThread "Thread-3"                   daemon [_thread_in_native, id=25592, stack(0x00000002b0a00000,0x00000002b0b00000) (1024K)]
  0x000001387f2fc270 JavaThread "Thread-4"                   daemon [_thread_in_native, id=14780, stack(0x00000002b0b00000,0x00000002b0c00000) (1024K)]
  0x000001387f2fa830 JavaThread "Thread-5"                   daemon [_thread_in_native, id=31940, stack(0x00000002b0c00000,0x00000002b0d00000) (1024K)]
  0x000001387f2fe340 JavaThread "Thread-6"                   daemon [_thread_in_native, id=32164, stack(0x00000002b0d00000,0x00000002b0e00000) (1024K)]
  0x000001387f2fe9d0 JavaThread "Thread-7"                   daemon [_thread_in_native, id=15372, stack(0x00000002b0e00000,0x00000002b0f00000) (1024K)]
  0x000001387f2ff060 JavaThread "Thread-8"                   daemon [_thread_in_native, id=18852, stack(0x00000002b0f00000,0x00000002b1000000) (1024K)]
  0x000001387f2ff6f0 JavaThread "Thread-9"                   daemon [_thread_in_native, id=31936, stack(0x00000002b1000000,0x00000002b1100000) (1024K)]
  0x00000138579e3ca0 JavaThread "Thread-10"                  daemon [_thread_in_native, id=16308, stack(0x00000002b1100000,0x00000002b1200000) (1024K)]
  0x00000138579e1bd0 JavaThread "pool-2-thread-1"                   [_thread_blocked, id=3980, stack(0x00000002b1200000,0x00000002b1300000) (1024K)]
  0x00000138579e4330 JavaThread "WorkspaceEventsHandler"            [_thread_blocked, id=784, stack(0x00000002b1300000,0x00000002b1400000) (1024K)]
  0x00000138579e2260 JavaThread "pool-1-thread-1"                   [_thread_blocked, id=25648, stack(0x00000002b1400000,0x00000002b1500000) (1024K)]
  0x00000138579e56e0 JavaThread "ForkJoinPool.commonPool-worker-1" daemon [_thread_blocked, id=27276, stack(0x00000002add00000,0x00000002ade00000) (1024K)]
  0x00000138579e2f80 JavaThread "ForkJoinPool.commonPool-worker-3" daemon [_thread_blocked, id=29740, stack(0x00000002afb00000,0x00000002afc00000) (1024K)]
  0x00000138579e3610 JavaThread "Compiler Source File Reader" daemon [_thread_blocked, id=24812, stack(0x00000002b1600000,0x00000002b1700000) (1024K)]
  0x00000138579e7e40 JavaThread "Compiler Source File Reader" daemon [_thread_blocked, id=25056, stack(0x00000002b1700000,0x00000002b1800000) (1024K)]
  0x00000138579e7120 JavaThread "Compiler Source File Reader" daemon [_thread_blocked, id=15304, stack(0x00000002b1800000,0x00000002b1900000) (1024K)]
  0x00000138579e77b0 JavaThread "Compiler Source File Reader" daemon [_thread_blocked, id=29764, stack(0x00000002b1900000,0x00000002b1a00000) (1024K)]
  0x000001387f2fb550 JavaThread "Compiler Source File Reader" daemon [_thread_blocked, id=1568, stack(0x00000002b1a00000,0x00000002b1b00000) (1024K)]
  0x00000138557fe610 JavaThread "Compiler Source File Reader" daemon [_thread_blocked, id=5860, stack(0x00000002b1b00000,0x00000002b1c00000) (1024K)]
  0x00000138557fdf80 JavaThread "ForkJoinPool.commonPool-worker-5" daemon [_thread_blocked, id=7984, stack(0x00000002b1d00000,0x00000002b1e00000) (1024K)]
  0x00000138557ff330 JavaThread "ForkJoinPool.commonPool-worker-6" daemon [_thread_blocked, id=32956, stack(0x00000002b1e00000,0x00000002b1f00000) (1024K)]
  0x00000138557feca0 JavaThread "ForkJoinPool.commonPool-worker-7" daemon [_thread_blocked, id=10352, stack(0x00000002b1f00000,0x00000002b2000000) (1024K)]
  0x00000138557fc540 JavaThread "Compiler Class File Writer" daemon [_thread_blocked, id=25632, stack(0x00000002b2200000,0x00000002b2300000) (1024K)]
  0x00000138558034d0 JavaThread "Compiler Class File Writer" daemon [_thread_blocked, id=27316, stack(0x00000002b2300000,0x00000002b2400000) (1024K)]
  0x0000013855800050 JavaThread "Compiler Class File Writer" daemon [_thread_blocked, id=28608, stack(0x00000002b2400000,0x00000002b2500000) (1024K)]
  0x0000013855801400 JavaThread "Compiler Class File Writer" daemon [_thread_blocked, id=18568, stack(0x00000002b2500000,0x00000002b2600000) (1024K)]
  0x00000138558006e0 JavaThread "Compiler Class File Writer" daemon [_thread_blocked, id=25652, stack(0x00000002b2600000,0x00000002b2700000) (1024K)]
  0x00000138558027b0 JavaThread "Compiler Class File Writer" daemon [_thread_blocked, id=26648, stack(0x00000002b2700000,0x00000002b2800000) (1024K)]
  0x00000138557fcbd0 JavaThread "Worker-7"                          [_thread_blocked, id=9824, stack(0x00000002adf00000,0x00000002ae000000) (1024K)]
  0x00000138557fd260 JavaThread "Compiler Processing Task"   daemon [_thread_blocked, id=23812, stack(0x00000002afd00000,0x00000002afe00000) (1024K)]
  0x0000013855801a90 JavaThread "ForkJoinPool.commonPool-worker-8" daemon [_thread_blocked, id=30184, stack(0x00000002afc00000,0x00000002afd00000) (1024K)]
  0x0000013855802120 JavaThread "ForkJoinPool.commonPool-worker-9" daemon [_thread_blocked, id=3240, stack(0x00000002aff00000,0x00000002b0000000) (1024K)]
  0x00000138579e28f0 JavaThread "ParallelDescriptorResolver-6-0" daemon [_thread_in_native, id=7016, stack(0x00000002b0000000,0x00000002b0100000) (1024K)]
  0x00000138579e6400 JavaThread "ParallelDescriptorResolver-6-1" daemon [_thread_in_native, id=28088, stack(0x00000002b0100000,0x00000002b0200000) (1024K)]
  0x00000138579e49c0 JavaThread "ParallelDescriptorResolver-6-2" daemon [_thread_in_native, id=16612, stack(0x00000002b0300000,0x00000002b0400000) (1024K)]
  0x00000138579e5050 JavaThread "ParallelDescriptorResolver-6-3" daemon [_thread_in_native, id=21980, stack(0x00000002b0500000,0x00000002b0600000) (1024K)]
  0x000001387f2f8df0 JavaThread "ParallelDescriptorResolver-6-4" daemon [_thread_in_native, id=28244, stack(0x00000002b0600000,0x00000002b0700000) (1024K)]
  0x00000138549eeff0 JavaThread "C2 CompilerThread1"         daemon [_thread_in_native, id=15296, stack(0x00000002b1500000,0x00000002b1600000) (1024K)]
  0x00000138549ee920 JavaThread "C2 CompilerThread2"         daemon [_thread_in_native, id=28728, stack(0x00000002b1c00000,0x00000002b1d00000) (1024K)]
Total: 62

Other Threads:
  0x000001387d8f0be0 VMThread "VM Thread"                           [id=6536, stack(0x00000002ae300000,0x00000002ae400000) (1024K)]
  0x000001387d82ca00 WatcherThread "VM Periodic Task Thread"        [id=25784, stack(0x00000002ae200000,0x00000002ae300000) (1024K)]
  0x000001387857e440 WorkerThread "GC Thread#0"                     [id=20088, stack(0x00000002ae100000,0x00000002ae200000) (1024K)]
  0x000001387f988320 WorkerThread "GC Thread#1"                     [id=24400, stack(0x00000002af000000,0x00000002af100000) (1024K)]
  0x000001387f9886c0 WorkerThread "GC Thread#2"                     [id=33552, stack(0x00000002af100000,0x00000002af200000) (1024K)]
  0x000001387fede640 WorkerThread "GC Thread#3"                     [id=10124, stack(0x00000002af200000,0x00000002af300000) (1024K)]
  0x000001387fede9e0 WorkerThread "GC Thread#4"                     [id=30500, stack(0x00000002af300000,0x00000002af400000) (1024K)]
  0x000001387fe16560 WorkerThread "GC Thread#5"                     [id=9608, stack(0x00000002af400000,0x00000002af500000) (1024K)]
  0x000001387fe16900 WorkerThread "GC Thread#6"                     [id=8820, stack(0x00000002af500000,0x00000002af600000) (1024K)]
  0x0000013854183450 WorkerThread "GC Thread#7"                     [id=24868, stack(0x00000002aef00000,0x00000002af000000) (1024K)]
Total: 10

Threads with active compile tasks:
C2 CompilerThread0  375205 15842   !   4       org.apache.maven.model.Model::clone (502 bytes)
C2 CompilerThread1  375205 15869       4       org.eclipse.sisu.wire.EntrySetAdapter::iterator (12 bytes)
C2 CompilerThread2  375205 15858       4       org.apache.maven.model.io.xpp3.MavenXpp3Reader::parsePlugin (519 bytes)
Total: 3

VM state: not at safepoint (normal execution)

VM Mutex/Monitor currently owned by a thread: None

Heap address: 0x00000000c0000000, size: 1024 MB, Compressed Oops mode: 32-bit

CDS archive(s) mapped at: [0x000001380f000000-0x000001380fba0000-0x000001380fba0000), size 12189696, SharedBaseAddress: 0x000001380f000000, ArchiveRelocationMode: 1.
Compressed class space mapped at: 0x0000013810000000-0x0000013850000000, reserved size: 1073741824
Narrow klass base: 0x000001380f000000, Narrow klass shift: 0, Narrow klass range: 0x100000000

GC Precious Log:
 CardTable entry size: 512
 CPUs: 8 total, 8 available
 Memory: 12134M
 Large Page Support: Disabled
 NUMA Support: Disabled
 Compressed Oops: Enabled (32-bit)
 Alignments: Space 512K, Generation 512K, Heap 2M
 Heap Min Capacity: 100M
 Heap Initial Capacity: 100M
 Heap Max Capacity: 1G
 Pre-touch: Disabled
 Parallel Workers: 8

Heap:
 PSYoungGen      total 3072K, used 1273K [0x00000000eab00000, 0x00000000eae80000, 0x0000000100000000)
  eden space 2560K, 34% used [0x00000000eab00000,0x00000000eabde578,0x00000000ead80000)
  from space 512K, 75% used [0x00000000ead80000,0x00000000eade0000,0x00000000eae00000)
  to   space 512K, 0% used [0x00000000eae00000,0x00000000eae00000,0x00000000eae80000)
 ParOldGen       total 614400K, used 614343K [0x00000000c0000000, 0x00000000e5800000, 0x00000000eab00000)
  object space 614400K, 99% used [0x00000000c0000000,0x00000000e57f1fb0,0x00000000e5800000)
 Metaspace       used 77602K, committed 79168K, reserved 1179648K
  class space    used 7961K, committed 8704K, reserved 1048576K

Card table byte_map: [0x0000013877f00000,0x0000013878110000] _byte_map_base: 0x0000013877900000

Marking Bits: (ParMarkBitMap*) 0x00007fff73c831f0
 Begin Bits: [0x000001387b750000, 0x000001387c750000)
 End Bits:   [0x000001387c750000, 0x000001387d750000)

Polling page: 0x0000013876350000

Metaspace:

Usage:
  Non-class:     68.01 MB used.
      Class:      7.78 MB used.
       Both:     75.78 MB used.

Virtual space:
  Non-class space:      128.00 MB reserved,      68.81 MB ( 54%) committed,  2 nodes.
      Class space:        1.00 GB reserved,       8.50 MB ( <1%) committed,  1 nodes.
             Both:        1.12 GB reserved,      77.31 MB (  7%) committed. 

Chunk freelists:
   Non-Class:  11.20 MB
       Class:  7.51 MB
        Both:  18.71 MB

MaxMetaspaceSize: unlimited
CompressedClassSpaceSize: 1.00 GB
Initial GC threshold: 21.00 MB
Current GC threshold: 122.00 MB
CDS: on
 - commit_granule_bytes: 65536.
 - commit_granule_words: 8192.
 - virtual_space_node_default_size: 8388608.
 - enlarge_chunks_in_place: 1.
 - use_allocation_guard: 0.


Internal statistics:

num_allocs_failed_limit: 9.
num_arena_births: 1332.
num_arena_deaths: 26.
num_vsnodes_births: 3.
num_vsnodes_deaths: 0.
num_space_committed: 1237.
num_space_uncommitted: 0.
num_chunks_returned_to_freelist: 39.
num_chunks_taken_from_freelist: 4890.
num_chunk_merges: 16.
num_chunk_splits: 2986.
num_chunks_enlarged: 1665.
num_inconsistent_stats: 0.

CodeHeap 'non-profiled nmethods': size=120000Kb used=13871Kb max_used=13871Kb free=106128Kb
 bounds [0x0000013807ad0000, 0x0000013808860000, 0x000001380f000000]
CodeHeap 'profiled nmethods': size=120000Kb used=32533Kb max_used=32533Kb free=87466Kb
 bounds [0x0000013800000000, 0x0000013801fd0000, 0x0000013807530000]
CodeHeap 'non-nmethods': size=5760Kb used=1497Kb max_used=1658Kb free=4262Kb
 bounds [0x0000013807530000, 0x00000138077a0000, 0x0000013807ad0000]
 total_blobs=14877 nmethods=14059 adapters=723
 compilation: enabled
              stopped_count=0, restarted_count=0
 full_count=0

Compilation events (20 events):
Event: 375.076 Thread 0x00000138549eeff0 15844       4       org.apache.maven.model.interpolation.StringVisitorModelInterpolator$ModelVisitor::visit (42 bytes)
Event: 375.079 Thread 0x000001387d934d20 15855   !   2       java.lang.StringLatin1::replace (291 bytes)
Event: 375.081 Thread 0x000001387d934d20 nmethod 15855 0x0000013801fbe490 code [0x0000013801fbe720, 0x0000013801fbf200]
Event: 375.091 Thread 0x000001387d934d20 15856       3       org.eclipse.aether.internal.impl.collect.bf.DependencyResolutionSkipper$DefaultDependencyResolutionSkipper$CoordinateManager::createCoordinate (52 bytes)
Event: 375.093 Thread 0x000001387d934d20 nmethod 15856 0x0000013801fbfa10 code [0x0000013801fbfc40, 0x0000013801fc0528]
Event: 375.093 Thread 0x000001387d934d20 15857       3       org.eclipse.aether.internal.impl.collect.bf.DependencyResolutionSkipper$DefaultDependencyResolutionSkipper$Coordinate::<init> (15 bytes)
Event: 375.093 Thread 0x000001387d934d20 nmethod 15857 0x0000013801fc0890 code [0x0000013801fc0a40, 0x0000013801fc0bb0]
Event: 375.093 Thread 0x000001387d934d20 15859       3       org.eclipse.aether.internal.impl.collect.bf.DependencyResolutionSkipper$DefaultDependencyResolutionSkipper$CacheManager::isVersionConflict (68 bytes)
Event: 375.094 Thread 0x000001387d934d20 nmethod 15859 0x0000013801fc0c90 code [0x0000013801fc0ea0, 0x0000013801fc1500]
Event: 375.109 Thread 0x000001387d934d20 15861       3       java.lang.invoke.LambdaForm$MH/0x0000013810632800::invoke (42 bytes)
Event: 375.110 Thread 0x000001387d934d20 nmethod 15861 0x0000013801fc1790 code [0x0000013801fc19c0, 0x0000013801fc2300]
Event: 375.114 Thread 0x000001387d934d20 15863       3       org.apache.maven.model.building.DefaultModelBuildingRequest::setUserProperties (6 bytes)
Event: 375.114 Thread 0x000001387d934d20 nmethod 15863 0x0000013801fc2590 code [0x0000013801fc2780, 0x0000013801fc2d28]
Event: 375.115 Thread 0x000001387d934d20 15864       3       org.apache.maven.model.building.DefaultModelBuildingRequest::setUserProperties (33 bytes)
Event: 375.119 Thread 0x000001387d934d20 nmethod 15864 0x0000013801fc2f10 code [0x0000013801fc30e0, 0x0000013801fc3620]
Event: 375.121 Thread 0x000001387d934d20 15866       3       org.apache.maven.model.io.xpp3.MavenXpp3Reader::parsePluginManagement (206 bytes)
Event: 375.123 Thread 0x000001387d934d20 nmethod 15866 0x0000013801fc3810 code [0x0000013801fc3ba0, 0x0000013801fc5008]
Event: 375.124 Thread 0x000001387d934d20 15867   !   3       org.apache.maven.model.Extension::clone (73 bytes)
Event: 375.124 Thread 0x00000138549ee920 15862       4       java.util.LinkedHashMap::valuesToArray (80 bytes)
Event: 375.126 Thread 0x000001387d934d20 nmethod 15867 0x0000013801fc5810 code [0x0000013801fc5ac0, 0x0000013801fc6780]

GC Heap History (20 events):
Event: 374.955 GC heap before
{Heap before GC invocations=2193 (full 4):
 PSYoungGen      total 2560K, used 2400K [0x00000000eab00000, 0x00000000eae80000, 0x0000000100000000)
  eden space 2048K, 100% used [0x00000000eab00000,0x00000000ead00000,0x00000000ead00000)
  from space 512K, 68% used [0x00000000ead80000,0x00000000eadd8000,0x00000000eae00000)
  to   space 512K, 0% used [0x00000000eae00000,0x00000000eae00000,0x00000000eae80000)
 ParOldGen       total 610816K, used 610731K [0x00000000c0000000, 0x00000000e5480000, 0x00000000eab00000)
  object space 610816K, 99% used [0x00000000c0000000,0x00000000e546af60,0x00000000e5480000)
 Metaspace       used 77598K, committed 79168K, reserved 1179648K
  class space    used 7961K, committed 8704K, reserved 1048576K
}
Event: 374.958 GC heap after
{Heap after GC invocations=2193 (full 4):
 PSYoungGen      total 2560K, used 448K [0x00000000eab00000, 0x00000000eae80000, 0x0000000100000000)
  eden space 2048K, 0% used [0x00000000eab00000,0x00000000eab00000,0x00000000ead00000)
  from space 512K, 87% used [0x00000000eae00000,0x00000000eae70000,0x00000000eae80000)
  to   space 512K, 0% used [0x00000000ead80000,0x00000000ead80000,0x00000000eae00000)
 ParOldGen       total 611328K, used 610883K [0x00000000c0000000, 0x00000000e5500000, 0x00000000eab00000)
  object space 611328K, 99% used [0x00000000c0000000,0x00000000e5490f60,0x00000000e5500000)
 Metaspace       used 77598K, committed 79168K, reserved 1179648K
  class space    used 7961K, committed 8704K, reserved 1048576K
}
Event: 374.981 GC heap before
{Heap before GC invocations=2194 (full 4):
 PSYoungGen      total 2560K, used 2496K [0x00000000eab00000, 0x00000000eae80000, 0x0000000100000000)
  eden space 2048K, 100% used [0x00000000eab00000,0x00000000ead00000,0x00000000ead00000)
  from space 512K, 87% used [0x00000000eae00000,0x00000000eae70000,0x00000000eae80000)
  to   space 512K, 0% used [0x00000000ead80000,0x00000000ead80000,0x00000000eae00000)
 ParOldGen       total 611328K, used 610883K [0x00000000c0000000, 0x00000000e5500000, 0x00000000eab00000)
  object space 611328K, 99% used [0x00000000c0000000,0x00000000e5490f60,0x00000000e5500000)
 Metaspace       used 77598K, committed 79168K, reserved 1179648K
  class space    used 7961K, committed 8704K, reserved 1048576K
}
Event: 374.984 GC heap after
{Heap after GC invocations=2194 (full 4):
 PSYoungGen      total 2560K, used 512K [0x00000000eab00000, 0x00000000eaf00000, 0x0000000100000000)
  eden space 2048K, 0% used [0x00000000eab00000,0x00000000eab00000,0x00000000ead00000)
  from space 512K, 100% used [0x00000000ead80000,0x00000000eae00000,0x00000000eae00000)
  to   space 1024K, 0% used [0x00000000eae00000,0x00000000eae00000,0x00000000eaf00000)
 ParOldGen       total 611328K, used 611243K [0x00000000c0000000, 0x00000000e5500000, 0x00000000eab00000)
  object space 611328K, 99% used [0x00000000c0000000,0x00000000e54eaf80,0x00000000e5500000)
 Metaspace       used 77598K, committed 79168K, reserved 1179648K
  class space    used 7961K, committed 8704K, reserved 1048576K
}
Event: 374.998 GC heap before
{Heap before GC invocations=2195 (full 4):
 PSYoungGen      total 2560K, used 2557K [0x00000000eab00000, 0x00000000eaf00000, 0x0000000100000000)
  eden space 2048K, 99% used [0x00000000eab00000,0x00000000eacff5b0,0x00000000ead00000)
  from space 512K, 100% used [0x00000000ead80000,0x00000000eae00000,0x00000000eae00000)
  to   space 1024K, 0% used [0x00000000eae00000,0x00000000eae00000,0x00000000eaf00000)
 ParOldGen       total 611328K, used 611243K [0x00000000c0000000, 0x00000000e5500000, 0x00000000eab00000)
  object space 611328K, 99% used [0x00000000c0000000,0x00000000e54eaf80,0x00000000e5500000)
 Metaspace       used 77599K, committed 79168K, reserved 1179648K
  class space    used 7961K, committed 8704K, reserved 1048576K
}
Event: 375.002 GC heap after
{Heap after GC invocations=2195 (full 4):
 PSYoungGen      total 3072K, used 480K [0x00000000eab00000, 0x00000000eaf00000, 0x0000000100000000)
  eden space 2048K, 0% used [0x00000000eab00000,0x00000000eab00000,0x00000000ead00000)
  from space 1024K, 46% used [0x00000000eae00000,0x00000000eae78000,0x00000000eaf00000)
  to   space 1024K, 0% used [0x00000000ead00000,0x00000000ead00000,0x00000000eae00000)
 ParOldGen       total 611840K, used 611639K [0x00000000c0000000, 0x00000000e5580000, 0x00000000eab00000)
  object space 611840K, 99% used [0x00000000c0000000,0x00000000e554df90,0x00000000e5580000)
 Metaspace       used 77599K, committed 79168K, reserved 1179648K
  class space    used 7961K, committed 8704K, reserved 1048576K
}
Event: 375.016 GC heap before
{Heap before GC invocations=2196 (full 4):
 PSYoungGen      total 3072K, used 2528K [0x00000000eab00000, 0x00000000eaf00000, 0x0000000100000000)
  eden space 2048K, 100% used [0x00000000eab00000,0x00000000ead00000,0x00000000ead00000)
  from space 1024K, 46% used [0x00000000eae00000,0x00000000eae78000,0x00000000eaf00000)
  to   space 1024K, 0% used [0x00000000ead00000,0x00000000ead00000,0x00000000eae00000)
 ParOldGen       total 611840K, used 611639K [0x00000000c0000000, 0x00000000e5580000, 0x00000000eab00000)
  object space 611840K, 99% used [0x00000000c0000000,0x00000000e554df90,0x00000000e5580000)
 Metaspace       used 77600K, committed 79168K, reserved 1179648K
  class space    used 7961K, committed 8704K, reserved 1048576K
}
Event: 375.020 GC heap after
{Heap after GC invocations=2196 (full 4):
 PSYoungGen      total 3072K, used 352K [0x00000000eab00000, 0x00000000eae80000, 0x0000000100000000)
  eden space 2048K, 0% used [0x00000000eab00000,0x00000000eab00000,0x00000000ead00000)
  from space 1024K, 34% used [0x00000000ead00000,0x00000000ead58000,0x00000000eae00000)
  to   space 512K, 0% used [0x00000000eae00000,0x00000000eae00000,0x00000000eae80000)
 ParOldGen       total 612352K, used 611999K [0x00000000c0000000, 0x00000000e5600000, 0x00000000eab00000)
  object space 612352K, 99% used [0x00000000c0000000,0x00000000e55a7f90,0x00000000e5600000)
 Metaspace       used 77600K, committed 79168K, reserved 1179648K
  class space    used 7961K, committed 8704K, reserved 1048576K
}
Event: 375.032 GC heap before
{Heap before GC invocations=2197 (full 4):
 PSYoungGen      total 3072K, used 2399K [0x00000000eab00000, 0x00000000eae80000, 0x0000000100000000)
  eden space 2048K, 99% used [0x00000000eab00000,0x00000000eacffff0,0x00000000ead00000)
  from space 1024K, 34% used [0x00000000ead00000,0x00000000ead58000,0x00000000eae00000)
  to   space 512K, 0% used [0x00000000eae00000,0x00000000eae00000,0x00000000eae80000)
 ParOldGen       total 612352K, used 611999K [0x00000000c0000000, 0x00000000e5600000, 0x00000000eab00000)
  object space 612352K, 99% used [0x00000000c0000000,0x00000000e55a7f90,0x00000000e5600000)
 Metaspace       used 77600K, committed 79168K, reserved 1179648K
  class space    used 7961K, committed 8704K, reserved 1048576K
}
Event: 375.035 GC heap after
{Heap after GC invocations=2197 (full 4):
 PSYoungGen      total 2560K, used 432K [0x00000000eab00000, 0x00000000eae80000, 0x0000000100000000)
  eden space 2048K, 0% used [0x00000000eab00000,0x00000000eab00000,0x00000000ead00000)
  from space 512K, 84% used [0x00000000eae00000,0x00000000eae6c010,0x00000000eae80000)
  to   space 512K, 0% used [0x00000000ead80000,0x00000000ead80000,0x00000000eae00000)
 ParOldGen       total 612352K, used 612151K [0x00000000c0000000, 0x00000000e5600000, 0x00000000eab00000)
  object space 612352K, 99% used [0x00000000c0000000,0x00000000e55cdf90,0x00000000e5600000)
 Metaspace       used 77600K, committed 79168K, reserved 1179648K
  class space    used 7961K, committed 8704K, reserved 1048576K
}
Event: 375.053 GC heap before
{Heap before GC invocations=2198 (full 4):
 PSYoungGen      total 2560K, used 2476K [0x00000000eab00000, 0x00000000eae80000, 0x0000000100000000)
  eden space 2048K, 99% used [0x00000000eab00000,0x00000000eacff0d0,0x00000000ead00000)
  from space 512K, 84% used [0x00000000eae00000,0x00000000eae6c010,0x00000000eae80000)
  to   space 512K, 0% used [0x00000000ead80000,0x00000000ead80000,0x00000000eae00000)
 ParOldGen       total 612352K, used 612151K [0x00000000c0000000, 0x00000000e5600000, 0x00000000eab00000)
  object space 612352K, 99% used [0x00000000c0000000,0x00000000e55cdf90,0x00000000e5600000)
 Metaspace       used 77600K, committed 79168K, reserved 1179648K
  class space    used 7961K, committed 8704K, reserved 1048576K
}
Event: 375.056 GC heap after
{Heap after GC invocations=2198 (full 4):
 PSYoungGen      total 2560K, used 416K [0x00000000eab00000, 0x00000000eae80000, 0x0000000100000000)
  eden space 2048K, 0% used [0x00000000eab00000,0x00000000eab00000,0x00000000ead00000)
  from space 512K, 81% used [0x00000000ead80000,0x00000000eade8000,0x00000000eae00000)
  to   space 512K, 0% used [0x00000000eae00000,0x00000000eae00000,0x00000000eae80000)
 ParOldGen       total 612864K, used 612423K [0x00000000c0000000, 0x00000000e5680000, 0x00000000eab00000)
  object space 612864K, 99% used [0x00000000c0000000,0x00000000e5611f90,0x00000000e5680000)
 Metaspace       used 77600K, committed 79168K, reserved 1179648K
  class space    used 7961K, committed 8704K, reserved 1048576K
}
Event: 375.071 GC heap before
{Heap before GC invocations=2199 (full 4):
 PSYoungGen      total 2560K, used 2464K [0x00000000eab00000, 0x00000000eae80000, 0x0000000100000000)
  eden space 2048K, 100% used [0x00000000eab00000,0x00000000ead00000,0x00000000ead00000)
  from space 512K, 81% used [0x00000000ead80000,0x00000000eade8000,0x00000000eae00000)
  to   space 512K, 0% used [0x00000000eae00000,0x00000000eae00000,0x00000000eae80000)
 ParOldGen       total 612864K, used 612423K [0x00000000c0000000, 0x00000000e5680000, 0x00000000eab00000)
  object space 612864K, 99% used [0x00000000c0000000,0x00000000e5611f90,0x00000000e5680000)
 Metaspace       used 77600K, committed 79168K, reserved 1179648K
  class space    used 7961K, committed 8704K, reserved 1048576K
}
Event: 375.075 GC heap after
{Heap after GC invocations=2199 (full 4):
 PSYoungGen      total 2560K, used 496K [0x00000000eab00000, 0x00000000eae80000, 0x0000000100000000)
  eden space 2048K, 0% used [0x00000000eab00000,0x00000000eab00000,0x00000000ead00000)
  from space 512K, 96% used [0x00000000eae00000,0x00000000eae7c010,0x00000000eae80000)
  to   space 512K, 0% used [0x00000000ead80000,0x00000000ead80000,0x00000000eae00000)
 ParOldGen       total 612864K, used 612723K [0x00000000c0000000, 0x00000000e5680000, 0x00000000eab00000)
  object space 612864K, 99% used [0x00000000c0000000,0x00000000e565cfa0,0x00000000e5680000)
 Metaspace       used 77600K, committed 79168K, reserved 1179648K
  class space    used 7961K, committed 8704K, reserved 1048576K
}
Event: 375.083 GC heap before
{Heap before GC invocations=2200 (full 4):
 PSYoungGen      total 2560K, used 2544K [0x00000000eab00000, 0x00000000eae80000, 0x0000000100000000)
  eden space 2048K, 99% used [0x00000000eab00000,0x00000000eacffff8,0x00000000ead00000)
  from space 512K, 96% used [0x00000000eae00000,0x00000000eae7c010,0x00000000eae80000)
  to   space 512K, 0% used [0x00000000ead80000,0x00000000ead80000,0x00000000eae00000)
 ParOldGen       total 612864K, used 612723K [0x00000000c0000000, 0x00000000e5680000, 0x00000000eab00000)
  object space 612864K, 99% used [0x00000000c0000000,0x00000000e565cfa0,0x00000000e5680000)
 Metaspace       used 77600K, committed 79168K, reserved 1179648K
  class space    used 7961K, committed 8704K, reserved 1048576K
}
Event: 375.087 GC heap after
{Heap after GC invocations=2200 (full 4):
 PSYoungGen      total 2560K, used 512K [0x00000000eab00000, 0x00000000eae80000, 0x0000000100000000)
  eden space 2048K, 0% used [0x00000000eab00000,0x00000000eab00000,0x00000000ead00000)
  from space 512K, 100% used [0x00000000ead80000,0x00000000eae00000,0x00000000eae00000)
  to   space 512K, 0% used [0x00000000eae00000,0x00000000eae00000,0x00000000eae80000)
 ParOldGen       total 613376K, used 613175K [0x00000000c0000000, 0x00000000e5700000, 0x00000000eab00000)
  object space 613376K, 99% used [0x00000000c0000000,0x00000000e56cdfb0,0x00000000e5700000)
 Metaspace       used 77600K, committed 79168K, reserved 1179648K
  class space    used 7961K, committed 8704K, reserved 1048576K
}
Event: 375.102 GC heap before
{Heap before GC invocations=2201 (full 4):
 PSYoungGen      total 2560K, used 2560K [0x00000000eab00000, 0x00000000eae80000, 0x0000000100000000)
  eden space 2048K, 100% used [0x00000000eab00000,0x00000000ead00000,0x00000000ead00000)
  from space 512K, 100% used [0x00000000ead80000,0x00000000eae00000,0x00000000eae00000)
  to   space 512K, 0% used [0x00000000eae00000,0x00000000eae00000,0x00000000eae80000)
 ParOldGen       total 613376K, used 613175K [0x00000000c0000000, 0x00000000e5700000, 0x00000000eab00000)
  object space 613376K, 99% used [0x00000000c0000000,0x00000000e56cdfb0,0x00000000e5700000)
 Metaspace       used 77600K, committed 79168K, reserved 1179648K
  class space    used 7961K, committed 8704K, reserved 1048576K
}
Event: 375.106 GC heap after
{Heap after GC invocations=2201 (full 4):
 PSYoungGen      total 2560K, used 512K [0x00000000eab00000, 0x00000000eae80000, 0x0000000100000000)
  eden space 2048K, 0% used [0x00000000eab00000,0x00000000eab00000,0x00000000ead00000)
  from space 512K, 100% used [0x00000000eae00000,0x00000000eae80000,0x00000000eae80000)
  to   space 512K, 0% used [0x00000000ead80000,0x00000000ead80000,0x00000000eae00000)
 ParOldGen       total 613888K, used 613687K [0x00000000c0000000, 0x00000000e5780000, 0x00000000eab00000)
  object space 613888K, 99% used [0x00000000c0000000,0x00000000e574dfb0,0x00000000e5780000)
 Metaspace       used 77600K, committed 79168K, reserved 1179648K
  class space    used 7961K, committed 8704K, reserved 1048576K
}
Event: 375.116 GC heap before
{Heap before GC invocations=2202 (full 4):
 PSYoungGen      total 2560K, used 2559K [0x00000000eab00000, 0x00000000eae80000, 0x0000000100000000)
  eden space 2048K, 99% used [0x00000000eab00000,0x00000000eacffe58,0x00000000ead00000)
  from space 512K, 100% used [0x00000000eae00000,0x00000000eae80000,0x00000000eae80000)
  to   space 512K, 0% used [0x00000000ead80000,0x00000000ead80000,0x00000000eae00000)
 ParOldGen       total 613888K, used 613687K [0x00000000c0000000, 0x00000000e5780000, 0x00000000eab00000)
  object space 613888K, 99% used [0x00000000c0000000,0x00000000e574dfb0,0x00000000e5780000)
 Metaspace       used 77602K, committed 79168K, reserved 1179648K
  class space    used 7961K, committed 8704K, reserved 1048576K
}
Event: 375.119 GC heap after
{Heap after GC invocations=2202 (full 4):
 PSYoungGen      total 3072K, used 448K [0x00000000eab00000, 0x00000000eae80000, 0x0000000100000000)
  eden space 2560K, 0% used [0x00000000eab00000,0x00000000eab00000,0x00000000ead80000)
  from space 512K, 87% used [0x00000000ead80000,0x00000000eadf0000,0x00000000eae00000)
  to   space 512K, 0% used [0x00000000eae00000,0x00000000eae00000,0x00000000eae80000)
 ParOldGen       total 613888K, used 613879K [0x00000000c0000000, 0x00000000e5780000, 0x00000000eab00000)
  object space 613888K, 99% used [0x00000000c0000000,0x00000000e577dfb0,0x00000000e5780000)
 Metaspace       used 77602K, committed 79168K, reserved 1179648K
  class space    used 7961K, committed 8704K, reserved 1048576K
}

Dll operation events (14 events):
Event: 0.022 Loaded shared library c:\Users\Amar WADE\.cursor\extensions\redhat.java-1.42.0-win32-x64\jre\21.0.7-win32-x86_64\bin\java.dll
Event: 0.235 Loaded shared library c:\Users\Amar WADE\.cursor\extensions\redhat.java-1.42.0-win32-x64\jre\21.0.7-win32-x86_64\bin\zip.dll
Event: 0.299 Loaded shared library C:\Users\Amar WADE\.cursor\extensions\redhat.java-1.42.0-win32-x64\jre\21.0.7-win32-x86_64\bin\instrument.dll
Event: 0.315 Loaded shared library C:\Users\Amar WADE\.cursor\extensions\redhat.java-1.42.0-win32-x64\jre\21.0.7-win32-x86_64\bin\net.dll
Event: 0.323 Loaded shared library C:\Users\Amar WADE\.cursor\extensions\redhat.java-1.42.0-win32-x64\jre\21.0.7-win32-x86_64\bin\nio.dll
Event: 0.335 Loaded shared library C:\Users\Amar WADE\.cursor\extensions\redhat.java-1.42.0-win32-x64\jre\21.0.7-win32-x86_64\bin\zip.dll
Event: 0.383 Loaded shared library C:\Users\Amar WADE\.cursor\extensions\redhat.java-1.42.0-win32-x64\jre\21.0.7-win32-x86_64\bin\jimage.dll
Event: 0.628 Loaded shared library c:\Users\Amar WADE\.cursor\extensions\redhat.java-1.42.0-win32-x64\jre\21.0.7-win32-x86_64\bin\verify.dll
Event: 8.202 Loaded shared library C:\Users\Amar WADE\AppData\Roaming\Cursor\User\globalStorage\redhat.java\1.42.0\config_win\org.eclipse.equinox.launcher\org.eclipse.equinox.launcher.win32.win32.x86_64_1.2.1300.v20250331-1702\eclipse_11911.dll
Event: 33.553 Loaded shared library C:\Users\Amar WADE\.cursor\extensions\redhat.java-1.42.0-win32-x64\jre\21.0.7-win32-x86_64\bin\management.dll
Event: 33.557 Loaded shared library C:\Users\Amar WADE\.cursor\extensions\redhat.java-1.42.0-win32-x64\jre\21.0.7-win32-x86_64\bin\management_ext.dll
Event: 36.384 Loaded shared library C:\Users\Amar WADE\AppData\Local\Temp\jna--1343181426\jna14446180128612453585.dll
Event: 37.891 Loaded shared library C:\Users\Amar WADE\.cursor\extensions\redhat.java-1.42.0-win32-x64\jre\21.0.7-win32-x86_64\bin\sunmscapi.dll
Event: 38.140 Loaded shared library C:\Users\Amar WADE\.cursor\extensions\redhat.java-1.42.0-win32-x64\jre\21.0.7-win32-x86_64\bin\extnet.dll

Deoptimization events (20 events):
Event: 372.915 Thread 0x000001387f2faec0 DEOPT PACKING pc=0x0000013808000184 sp=0x00000002b08fcd60
Event: 372.915 Thread 0x000001387f2faec0 DEOPT UNPACKING pc=0x0000013807583aa2 sp=0x00000002b08fcd28 mode 2
Event: 372.956 Thread 0x000001387f2faec0 DEOPT PACKING pc=0x0000013801f3f845 sp=0x00000002b08fc4c0
Event: 372.956 Thread 0x000001387f2faec0 DEOPT UNPACKING pc=0x0000013807584242 sp=0x00000002b08fbad8 mode 0
Event: 373.013 Thread 0x000001387f2faec0 Uncommon trap: trap_request=0xffffffbe fr.pc=0x0000013807f1cc54 relative=0x0000000000000dd4
Event: 373.013 Thread 0x000001387f2faec0 Uncommon trap: reason=profile_predicate action=maybe_recompile pc=0x0000013807f1cc54 method=java.lang.StringLatin1.replace([BI[BI[BI)Ljava/lang/String; @ 180 c2
Event: 373.013 Thread 0x000001387f2faec0 DEOPT PACKING pc=0x0000013807f1cc54 sp=0x00000002b08fcb80
Event: 373.013 Thread 0x000001387f2faec0 DEOPT UNPACKING pc=0x0000013807583aa2 sp=0x00000002b08fcad0 mode 2
Event: 373.774 Thread 0x000001387f2faec0 Uncommon trap: trap_request=0xffffff45 fr.pc=0x00000138083241f8 relative=0x00000000000008b8
Event: 373.774 Thread 0x000001387f2faec0 Uncommon trap: reason=unstable_if action=reinterpret pc=0x00000138083241f8 method=java.util.ImmutableCollections.listCopy(Ljava/util/Collection;)Ljava/util/List; @ 11 c2
Event: 373.774 Thread 0x000001387f2faec0 DEOPT PACKING pc=0x00000138083241f8 sp=0x00000002b08fdce0
Event: 373.774 Thread 0x000001387f2faec0 DEOPT UNPACKING pc=0x0000013807583aa2 sp=0x00000002b08fdca0 mode 2
Event: 373.776 Thread 0x000001387f2faec0 Uncommon trap: trap_request=0xffffffc6 fr.pc=0x0000013807ff37f0 relative=0x00000000000004f0
Event: 373.776 Thread 0x000001387f2faec0 Uncommon trap: reason=bimorphic_or_optimized_type_check action=maybe_recompile pc=0x0000013807ff37f0 method=java.util.HashMap.removeNode(ILjava/lang/Object;Ljava/lang/Object;ZZ)Ljava/util/HashMap$Node; @ 68 c2
Event: 373.776 Thread 0x000001387f2faec0 DEOPT PACKING pc=0x0000013807ff37f0 sp=0x00000002b08fe1f0
Event: 373.776 Thread 0x000001387f2faec0 DEOPT UNPACKING pc=0x0000013807583aa2 sp=0x00000002b08fe0f8 mode 2
Event: 373.789 Thread 0x000001387f2faec0 Uncommon trap: trap_request=0xffffff45 fr.pc=0x000001380831c360 relative=0x0000000000000400
Event: 373.789 Thread 0x000001387f2faec0 Uncommon trap: reason=unstable_if action=reinterpret pc=0x000001380831c360 method=java.util.Arrays.binarySearch0([Ljava/lang/Object;IILjava/lang/Object;)I @ 59 c2
Event: 373.789 Thread 0x000001387f2faec0 DEOPT PACKING pc=0x000001380831c360 sp=0x00000002b08fd660
Event: 373.789 Thread 0x000001387f2faec0 DEOPT UNPACKING pc=0x0000013807583aa2 sp=0x00000002b08fd5e8 mode 2

Classes loaded (20 events):
Event: 111.609 Loading class java/util/stream/ReduceOps$1ReducingSink
Event: 111.609 Loading class java/util/stream/ReduceOps$1ReducingSink done
Event: 331.753 Loading class jdk/internal/module/IllegalAccessLogger
Event: 331.753 Loading class jdk/internal/module/IllegalAccessLogger done
Event: 332.396 Loading class java/nio/BufferMismatch
Event: 332.399 Loading class java/nio/BufferMismatch done
Event: 336.529 Loading class java/util/stream/ReferencePipeline$4
Event: 336.530 Loading class java/util/stream/ReferencePipeline$4 done
Event: 336.532 Loading class java/util/stream/Nodes$IntFixedNodeBuilder
Event: 336.532 Loading class java/util/stream/Node$Builder$OfInt
Event: 336.533 Loading class java/util/stream/Node$Builder$OfInt done
Event: 336.533 Loading class java/util/stream/Nodes$IntArrayNode
Event: 336.534 Loading class java/util/stream/Nodes$IntArrayNode done
Event: 336.534 Loading class java/util/stream/Nodes$IntFixedNodeBuilder done
Event: 336.534 Loading class java/util/stream/ReferencePipeline$4$1
Event: 336.535 Loading class java/util/stream/ReferencePipeline$4$1 done
Event: 351.111 Loading class java/lang/Throwable$WrappedPrintWriter
Event: 351.112 Loading class java/lang/Throwable$PrintStreamOrWriter
Event: 351.112 Loading class java/lang/Throwable$PrintStreamOrWriter done
Event: 351.112 Loading class java/lang/Throwable$WrappedPrintWriter done

Classes unloaded (13 events):
Event: 34.629 Thread 0x000001387d8f0be0 Unloading class 0x00000138101a5400 'java/lang/invoke/LambdaForm$MH+0x00000138101a5400'
Event: 34.629 Thread 0x000001387d8f0be0 Unloading class 0x00000138101a5000 'java/lang/invoke/LambdaForm$MH+0x00000138101a5000'
Event: 34.629 Thread 0x000001387d8f0be0 Unloading class 0x00000138101a4c00 'java/lang/invoke/LambdaForm$MH+0x00000138101a4c00'
Event: 34.629 Thread 0x000001387d8f0be0 Unloading class 0x00000138101a4800 'java/lang/invoke/LambdaForm$MH+0x00000138101a4800'
Event: 34.629 Thread 0x000001387d8f0be0 Unloading class 0x00000138101a4400 'java/lang/invoke/LambdaForm$BMH+0x00000138101a4400'
Event: 34.629 Thread 0x000001387d8f0be0 Unloading class 0x00000138101a4000 'java/lang/invoke/LambdaForm$DMH+0x00000138101a4000'
Event: 34.629 Thread 0x000001387d8f0be0 Unloading class 0x00000138101a2c00 'java/lang/invoke/LambdaForm$DMH+0x00000138101a2c00'
Event: 37.207 Thread 0x000001387d8f0be0 Unloading class 0x00000138102e0800 'java/lang/invoke/LambdaForm$MH+0x00000138102e0800'
Event: 37.207 Thread 0x000001387d8f0be0 Unloading class 0x00000138102dfc00 'java/lang/invoke/LambdaForm$MH+0x00000138102dfc00'
Event: 61.087 Thread 0x000001387d8f0be0 Unloading class 0x000001381060d400 'java/lang/invoke/LambdaForm$DMH+0x000001381060d400'
Event: 61.087 Thread 0x000001387d8f0be0 Unloading class 0x000001381060d800 'java/lang/invoke/LambdaForm$DMH+0x000001381060d800'
Event: 61.087 Thread 0x000001387d8f0be0 Unloading class 0x000001381060cc00 'java/lang/invoke/LambdaForm$DMH+0x000001381060cc00'
Event: 61.087 Thread 0x000001387d8f0be0 Unloading class 0x000001381060d000 'java/lang/invoke/LambdaForm$DMH+0x000001381060d000'

Classes redefined (0 events):
No events

Internal exceptions (20 events):
Event: 158.658 Thread 0x000001387f2f9480 Exception <a 'sun/nio/fs/WindowsException'{0x00000000eac34138}> (0x00000000eac34138) 
thrown [s\src\hotspot\share\prims\jni.cpp, line 520]
Event: 158.714 Thread 0x000001387f2f9480 Exception <a 'sun/nio/fs/WindowsException'{0x00000000eacb1408}> (0x00000000eacb1408) 
thrown [s\src\hotspot\share\prims\jni.cpp, line 520]
Event: 158.767 Thread 0x000001387f2f9480 Exception <a 'sun/nio/fs/WindowsException'{0x00000000eabf2f68}> (0x00000000eabf2f68) 
thrown [s\src\hotspot\share\prims\jni.cpp, line 520]
Event: 328.956 Thread 0x000001387f2f9480 Implicit null exception at 0x000001380865b7e1 to 0x000001380865d39c
Event: 329.517 Thread 0x000001387f2faec0 Implicit null exception at 0x0000013808272d83 to 0x000001380827309c
Event: 330.217 Thread 0x000001387f2f9480 Exception <a 'sun/nio/fs/WindowsException'{0x00000000eaba2ce0}> (0x00000000eaba2ce0) 
thrown [s\src\hotspot\share\prims\jni.cpp, line 520]
Event: 331.490 Thread 0x000001387f2faec0 Implicit null exception at 0x00000138085b14e3 to 0x00000138085b1b30
Event: 332.209 Thread 0x000001387f2faec0 Exception <a 'java/lang/NoSuchMethodError'{0x00000000eab579c0}: 'int java.lang.invoke.DirectMethodHandle$Holder.invokeStatic(java.lang.Object, java.lang.Object, java.lang.Object, java.lang.Object, java.lang.Object, java.lang.Object)'> (0x00000000eab579c0) 
thrown [s\src\hotspot\share\interpreter\linkResolver.cpp, line 773]
Event: 335.459 Thread 0x00000138579e2260 Exception <a 'java/lang/IncompatibleClassChangeError'{0x00000000eab803a8}: Found class java.lang.Object, but interface was expected> (0x00000000eab803a8) 
thrown [s\src\hotspot\share\interpreter\linkResolver.cpp, line 840]
Event: 335.616 Thread 0x00000138579e2260 Exception <a 'java/lang/IncompatibleClassChangeError'{0x00000000eab89b50}: Found class java.lang.Object, but interface was expected> (0x00000000eab89b50) 
thrown [s\src\hotspot\share\interpreter\linkResolver.cpp, line 840]
Event: 336.539 Thread 0x00000138579e56e0 Exception <a 'java/lang/ArrayIndexOutOfBoundsException'{0x00000000eabbb480}: Index 945 out of bounds for length 945> (0x00000000eabbb480) 
thrown [s\src\hotspot\share\interpreter\interpreterRuntime.cpp, line 439]
Event: 336.539 Thread 0x00000138579e56e0 Exception <a 'java/lang/ArrayIndexOutOfBoundsException'{0x00000000eabbbab8}: Index 945 out of bounds for length 945> (0x00000000eabbbab8) 
thrown [s\src\hotspot\share\interpreter\interpreterRuntime.cpp, line 439]
Event: 336.539 Thread 0x00000138579e56e0 Exception <a 'java/lang/ArrayIndexOutOfBoundsException'{0x00000000eabbbe40}: Index 946 out of bounds for length 945> (0x00000000eabbbe40) 
thrown [s\src\hotspot\share\interpreter\interpreterRuntime.cpp, line 439]
Event: 337.194 Thread 0x00000138579e2f80 Exception <a 'java/lang/ArrayIndexOutOfBoundsException'{0x00000000eac5b988}> (0x00000000eac5b988) 
thrown [s\src\hotspot\share\runtime\sharedRuntime.cpp, line 625]
Event: 337.194 Thread 0x00000138579e2f80 Exception <a 'java/lang/ArrayIndexOutOfBoundsException'{0x00000000eac5bfc0}> (0x00000000eac5bfc0) 
thrown [s\src\hotspot\share\runtime\sharedRuntime.cpp, line 625]
Event: 337.194 Thread 0x00000138579e2f80 Exception <a 'java/lang/ArrayIndexOutOfBoundsException'{0x00000000eac5c348}> (0x00000000eac5c348) 
thrown [s\src\hotspot\share\runtime\sharedRuntime.cpp, line 625]
Event: 340.444 Thread 0x00000138579e2260 Exception <a 'java/lang/IncompatibleClassChangeError'{0x00000000eab22058}: Found class java.lang.Object, but interface was expected> (0x00000000eab22058) 
thrown [s\src\hotspot\share\interpreter\linkResolver.cpp, line 840]
Event: 340.872 Thread 0x00000138579e2f80 Exception <a 'java/lang/NoSuchMethodError'{0x00000000eab4f090}: 'java.lang.Object java.lang.invoke.DirectMethodHandle$Holder.invokeSpecial(java.lang.Object, java.lang.Object, java.lang.Object, java.lang.Object, int, java.lang.Object, java.lang.Object)'> (0x00000000eab4f090) 
thrown [s\src\hotspot\share\interpreter\linkResolver.cpp, line 773]
Event: 343.657 Thread 0x00000138557feca0 Exception <a 'java/lang/ArrayIndexOutOfBoundsException'{0x00000000eac7a308}> (0x00000000eac7a308) 
thrown [s\src\hotspot\share\runtime\sharedRuntime.cpp, line 625]
Event: 350.855 Thread 0x0000013855801a90 Implicit null exception at 0x0000013807bdfba4 to 0x0000013807be0270

ZGC Phase Switch (0 events):
No events

VM Operations (20 events):
Event: 374.955 Executing VM operation: ParallelGCFailedAllocation (Allocation Failure)
Event: 374.958 Executing VM operation: ParallelGCFailedAllocation (Allocation Failure) done
Event: 374.981 Executing VM operation: ParallelGCFailedAllocation (Allocation Failure)
Event: 374.984 Executing VM operation: ParallelGCFailedAllocation (Allocation Failure) done
Event: 374.998 Executing VM operation: ParallelGCFailedAllocation (Allocation Failure)
Event: 375.002 Executing VM operation: ParallelGCFailedAllocation (Allocation Failure) done
Event: 375.016 Executing VM operation: ParallelGCFailedAllocation (Allocation Failure)
Event: 375.020 Executing VM operation: ParallelGCFailedAllocation (Allocation Failure) done
Event: 375.031 Executing VM operation: ParallelGCFailedAllocation (Allocation Failure)
Event: 375.035 Executing VM operation: ParallelGCFailedAllocation (Allocation Failure) done
Event: 375.053 Executing VM operation: ParallelGCFailedAllocation (Allocation Failure)
Event: 375.056 Executing VM operation: ParallelGCFailedAllocation (Allocation Failure) done
Event: 375.071 Executing VM operation: ParallelGCFailedAllocation (Allocation Failure)
Event: 375.075 Executing VM operation: ParallelGCFailedAllocation (Allocation Failure) done
Event: 375.083 Executing VM operation: ParallelGCFailedAllocation (Allocation Failure)
Event: 375.087 Executing VM operation: ParallelGCFailedAllocation (Allocation Failure) done
Event: 375.102 Executing VM operation: ParallelGCFailedAllocation (Allocation Failure)
Event: 375.106 Executing VM operation: ParallelGCFailedAllocation (Allocation Failure) done
Event: 375.115 Executing VM operation: ParallelGCFailedAllocation (Allocation Failure)
Event: 375.119 Executing VM operation: ParallelGCFailedAllocation (Allocation Failure) done

Memory protections (0 events):
No events

Nmethod flushes (20 events):
Event: 137.555 Thread 0x000001387d8f0be0 flushing  nmethod 0x00000138012c4a90
Event: 137.555 Thread 0x000001387d8f0be0 flushing  nmethod 0x00000138012c7b90
Event: 137.555 Thread 0x000001387d8f0be0 flushing  nmethod 0x00000138012cb810
Event: 137.555 Thread 0x000001387d8f0be0 flushing  nmethod 0x00000138012ccb90
Event: 137.555 Thread 0x000001387d8f0be0 flushing  nmethod 0x00000138012cd910
Event: 137.555 Thread 0x000001387d8f0be0 flushing  nmethod 0x00000138012ce790
Event: 137.555 Thread 0x000001387d8f0be0 flushing  nmethod 0x00000138012cf390
Event: 137.555 Thread 0x000001387d8f0be0 flushing  nmethod 0x00000138012f4910
Event: 137.555 Thread 0x000001387d8f0be0 flushing  nmethod 0x00000138012f9190
Event: 137.555 Thread 0x000001387d8f0be0 flushing osr nmethod 0x0000013801303510
Event: 137.555 Thread 0x000001387d8f0be0 flushing  nmethod 0x0000013801347d10
Event: 137.555 Thread 0x000001387d8f0be0 flushing  nmethod 0x0000013801348910
Event: 137.555 Thread 0x000001387d8f0be0 flushing  nmethod 0x0000013801349090
Event: 137.555 Thread 0x000001387d8f0be0 flushing  nmethod 0x0000013801350e10
Event: 137.555 Thread 0x000001387d8f0be0 flushing  nmethod 0x000001380137b910
Event: 137.555 Thread 0x000001387d8f0be0 flushing  nmethod 0x00000138013a6b10
Event: 137.555 Thread 0x000001387d8f0be0 flushing  nmethod 0x00000138013eba90
Event: 137.555 Thread 0x000001387d8f0be0 flushing  nmethod 0x00000138013f1090
Event: 137.555 Thread 0x000001387d8f0be0 flushing osr nmethod 0x0000013801412d10
Event: 137.555 Thread 0x000001387d8f0be0 flushing  nmethod 0x0000013801419390

Events (20 events):
Event: 340.967 Thread 0x000001387d934d20 Thread added: 0x0000013855c9ec50
Event: 342.214 Thread 0x0000013855c9ec50 Thread exited: 0x0000013855c9ec50
Event: 342.214 Thread 0x0000013855c9e580 Thread exited: 0x0000013855c9e580
Event: 342.247 Thread 0x000001387d934d20 Thread added: 0x0000013855c9e580
Event: 343.655 Thread 0x0000013855c9e580 Thread exited: 0x0000013855c9e580
Event: 350.949 Thread 0x000001387d934d20 Thread added: 0x0000013855c9e580
Event: 350.977 Thread 0x000001387d9313f0 Thread added: 0x0000013855c9ec50
Event: 351.426 Thread 0x0000013855c9ec50 Thread exited: 0x0000013855c9ec50
Event: 351.429 Thread 0x0000013855c9e580 Thread exited: 0x0000013855c9e580
Event: 372.100 Thread 0x000001387d934d20 Thread added: 0x00000138565f9a40
Event: 372.633 Thread 0x000001387d934d20 Thread added: 0x00000138565f7830
Event: 374.087 Thread 0x00000138565f7830 Thread exited: 0x00000138565f7830
Event: 374.224 Thread 0x00000138565f9a40 Thread exited: 0x00000138565f9a40
Event: 374.835 Thread 0x000001387f2faec0 Thread added: 0x00000138579e28f0
Event: 374.835 Thread 0x000001387f2faec0 Thread added: 0x00000138579e6400
Event: 374.835 Thread 0x000001387f2faec0 Thread added: 0x00000138579e49c0
Event: 374.836 Thread 0x000001387f2faec0 Thread added: 0x00000138579e5050
Event: 374.836 Thread 0x000001387f2faec0 Thread added: 0x000001387f2f8df0
Event: 375.069 Thread 0x000001387d934d20 Thread added: 0x00000138549eeff0
Event: 375.123 Thread 0x000001387d934d20 Thread added: 0x00000138549ee920


Dynamic libraries:
0x00007ff78f530000 - 0x00007ff78f53e000 	c:\Users\Amar WADE\.cursor\extensions\redhat.java-1.42.0-win32-x64\jre\21.0.7-win32-x86_64\bin\java.exe
0x00007ff8353c0000 - 0x00007ff835626000 	C:\WINDOWS\SYSTEM32\ntdll.dll
0x00007ff834000000 - 0x00007ff8340c9000 	C:\WINDOWS\System32\KERNEL32.DLL
0x00007ff832690000 - 0x00007ff832a5c000 	C:\WINDOWS\System32\KERNELBASE.dll
0x00007ff832a60000 - 0x00007ff832bab000 	C:\WINDOWS\System32\ucrtbase.dll
0x00007ffffd200000 - 0x00007ffffd218000 	c:\Users\Amar WADE\.cursor\extensions\redhat.java-1.42.0-win32-x64\jre\21.0.7-win32-x86_64\bin\jli.dll
0x00007ff833360000 - 0x00007ff83352a000 	C:\WINDOWS\System32\USER32.dll
0x00007ff8330c0000 - 0x00007ff8330e7000 	C:\WINDOWS\System32\win32u.dll
0x00007ffff6a90000 - 0x00007ffff6aae000 	c:\Users\Amar WADE\.cursor\extensions\redhat.java-1.42.0-win32-x64\jre\21.0.7-win32-x86_64\bin\VCRUNTIME140.dll
0x00007ff833ce0000 - 0x00007ff833d0b000 	C:\WINDOWS\System32\GDI32.dll
0x00007ff832550000 - 0x00007ff832682000 	C:\WINDOWS\System32\gdi32full.dll
0x00007ff816800000 - 0x00007ff816a9a000 	C:\WINDOWS\WinSxS\amd64_microsoft.windows.common-controls_6595b64144ccf1df_6.0.26100.3912_none_3e07963ce335137e\COMCTL32.dll
0x00007ff832bb0000 - 0x00007ff832c53000 	C:\WINDOWS\System32\msvcp_win.dll
0x00007ff8335c0000 - 0x00007ff833669000 	C:\WINDOWS\System32\msvcrt.dll
0x00007ff833de0000 - 0x00007ff833e10000 	C:\WINDOWS\System32\IMM32.DLL
0x00007ff815f40000 - 0x00007ff815f4c000 	c:\Users\Amar WADE\.cursor\extensions\redhat.java-1.42.0-win32-x64\jre\21.0.7-win32-x86_64\bin\vcruntime140_1.dll
0x00007ffff0bf0000 - 0x00007ffff0c7d000 	c:\Users\Amar WADE\.cursor\extensions\redhat.java-1.42.0-win32-x64\jre\21.0.7-win32-x86_64\bin\msvcp140.dll
0x00007fff72fd0000 - 0x00007fff73d60000 	c:\Users\Amar WADE\.cursor\extensions\redhat.java-1.42.0-win32-x64\jre\21.0.7-win32-x86_64\bin\server\jvm.dll
0x00007ff833d10000 - 0x00007ff833dc2000 	C:\WINDOWS\System32\ADVAPI32.dll
0x00007ff8332b0000 - 0x00007ff833356000 	C:\WINDOWS\System32\sechost.dll
0x00007ff8338a0000 - 0x00007ff8339b6000 	C:\WINDOWS\System32\RPCRT4.dll
0x00007ff833e20000 - 0x00007ff833e94000 	C:\WINDOWS\System32\WS2_32.dll
0x00007ff831140000 - 0x00007ff83119e000 	C:\WINDOWS\SYSTEM32\POWRPROF.dll
0x00007ff817ee0000 - 0x00007ff817f16000 	C:\WINDOWS\SYSTEM32\WINMM.dll
0x00007ff829e80000 - 0x00007ff829e8b000 	C:\WINDOWS\SYSTEM32\VERSION.dll
0x00007ff831120000 - 0x00007ff831134000 	C:\WINDOWS\SYSTEM32\UMPDC.dll
0x00007ff8313f0000 - 0x00007ff83140a000 	C:\WINDOWS\SYSTEM32\kernel.appcore.dll
0x00007ff815240000 - 0x00007ff81524a000 	c:\Users\Amar WADE\.cursor\extensions\redhat.java-1.42.0-win32-x64\jre\21.0.7-win32-x86_64\bin\jimage.dll
0x00007ff82fcf0000 - 0x00007ff82ff31000 	C:\WINDOWS\SYSTEM32\DBGHELP.DLL
0x00007ff8342b0000 - 0x00007ff834634000 	C:\WINDOWS\System32\combase.dll
0x00007ff833f10000 - 0x00007ff833ff0000 	C:\WINDOWS\System32\OLEAUT32.dll
0x00007ff8138a0000 - 0x00007ff8138d9000 	C:\WINDOWS\SYSTEM32\dbgcore.DLL
0x00007ff832c60000 - 0x00007ff832cf9000 	C:\WINDOWS\System32\bcryptPrimitives.dll
0x00007ff813610000 - 0x00007ff81361f000 	c:\Users\Amar WADE\.cursor\extensions\redhat.java-1.42.0-win32-x64\jre\21.0.7-win32-x86_64\bin\instrument.dll
0x00007ffff6250000 - 0x00007ffff626f000 	c:\Users\Amar WADE\.cursor\extensions\redhat.java-1.42.0-win32-x64\jre\21.0.7-win32-x86_64\bin\java.dll
0x00007ff834640000 - 0x00007ff834d6d000 	C:\WINDOWS\System32\SHELL32.dll
0x00007ff832d00000 - 0x00007ff832e74000 	C:\WINDOWS\System32\wintypes.dll
0x00007ff8301c0000 - 0x00007ff830a16000 	C:\WINDOWS\SYSTEM32\windows.storage.dll
0x00007ff8340d0000 - 0x00007ff8341bf000 	C:\WINDOWS\System32\SHCORE.dll
0x00007ff834e70000 - 0x00007ff834ed9000 	C:\WINDOWS\System32\shlwapi.dll
0x00007ff832460000 - 0x00007ff83248f000 	C:\WINDOWS\SYSTEM32\profapi.dll
0x00007ffff6000000 - 0x00007ffff6018000 	c:\Users\Amar WADE\.cursor\extensions\redhat.java-1.42.0-win32-x64\jre\21.0.7-win32-x86_64\bin\zip.dll
0x00007ff813230000 - 0x00007ff813240000 	C:\Users\Amar WADE\.cursor\extensions\redhat.java-1.42.0-win32-x64\jre\21.0.7-win32-x86_64\bin\net.dll
0x00007ff823830000 - 0x00007ff82394e000 	C:\WINDOWS\SYSTEM32\WINHTTP.dll
0x00007ff831940000 - 0x00007ff8319aa000 	C:\WINDOWS\system32\mswsock.dll
0x00007ffff5fe0000 - 0x00007ffff5ff6000 	C:\Users\Amar WADE\.cursor\extensions\redhat.java-1.42.0-win32-x64\jre\21.0.7-win32-x86_64\bin\nio.dll
0x00007ff811a50000 - 0x00007ff811a60000 	c:\Users\Amar WADE\.cursor\extensions\redhat.java-1.42.0-win32-x64\jre\21.0.7-win32-x86_64\bin\verify.dll
0x00007fffd4e50000 - 0x00007fffd4e95000 	C:\Users\Amar WADE\AppData\Roaming\Cursor\User\globalStorage\redhat.java\1.42.0\config_win\org.eclipse.equinox.launcher\org.eclipse.equinox.launcher.win32.win32.x86_64_1.2.1300.v20250331-1702\eclipse_11911.dll
0x00007ff833b30000 - 0x00007ff833ccf000 	C:\WINDOWS\System32\ole32.dll
0x00007ff823670000 - 0x00007ff82367a000 	C:\Users\Amar WADE\.cursor\extensions\redhat.java-1.42.0-win32-x64\jre\21.0.7-win32-x86_64\bin\management.dll
0x00007ff811930000 - 0x00007ff81193b000 	C:\Users\Amar WADE\.cursor\extensions\redhat.java-1.42.0-win32-x64\jre\21.0.7-win32-x86_64\bin\management_ext.dll
0x00007ff833dd0000 - 0x00007ff833dd8000 	C:\WINDOWS\System32\PSAPI.DLL
0x00007ff831d00000 - 0x00007ff831d1c000 	C:\WINDOWS\SYSTEM32\CRYPTSP.dll
0x00007ff831350000 - 0x00007ff83138a000 	C:\WINDOWS\system32\rsaenh.dll
0x00007ff8319e0000 - 0x00007ff831a0b000 	C:\WINDOWS\SYSTEM32\USERENV.dll
0x00007ff832430000 - 0x00007ff832456000 	C:\WINDOWS\SYSTEM32\bcrypt.dll
0x00007ff831b70000 - 0x00007ff831b7c000 	C:\WINDOWS\SYSTEM32\CRYPTBASE.dll
0x00007ff830e30000 - 0x00007ff830e63000 	C:\WINDOWS\SYSTEM32\IPHLPAPI.DLL
0x00007ff835370000 - 0x00007ff83537a000 	C:\WINDOWS\System32\NSI.dll
0x00007fffd4670000 - 0x00007fffd46b9000 	C:\Users\Amar WADE\AppData\Local\Temp\jna--1343181426\jna14446180128612453585.dll
0x00007ff823800000 - 0x00007ff82381f000 	C:\WINDOWS\SYSTEM32\dhcpcsvc6.DLL
0x00007ff828010000 - 0x00007ff828035000 	C:\WINDOWS\SYSTEM32\dhcpcsvc.DLL
0x00007ff810bc0000 - 0x00007ff810bce000 	C:\Users\Amar WADE\.cursor\extensions\redhat.java-1.42.0-win32-x64\jre\21.0.7-win32-x86_64\bin\sunmscapi.dll
0x00007ff832f40000 - 0x00007ff8330b7000 	C:\WINDOWS\System32\CRYPT32.dll
0x00007ff831e50000 - 0x00007ff831e80000 	C:\WINDOWS\SYSTEM32\ncrypt.dll
0x00007ff831e00000 - 0x00007ff831e3f000 	C:\WINDOWS\SYSTEM32\NTASN1.dll
0x00007ff830e70000 - 0x00007ff830f97000 	C:\WINDOWS\SYSTEM32\DNSAPI.dll
0x00007ff820170000 - 0x00007ff82017b000 	C:\Windows\System32\rasadhlp.dll
0x00007ff821d50000 - 0x00007ff821dd6000 	C:\WINDOWS\System32\fwpuclnt.dll
0x00007ff8101e0000 - 0x00007ff8101e9000 	C:\Users\Amar WADE\.cursor\extensions\redhat.java-1.42.0-win32-x64\jre\21.0.7-win32-x86_64\bin\extnet.dll

dbghelp: loaded successfully - version: 4.0.5 - missing functions: none
symbol engine: initialized successfully - sym options: 0x614 - pdb path: .;c:\Users\Amar WADE\.cursor\extensions\redhat.java-1.42.0-win32-x64\jre\21.0.7-win32-x86_64\bin;C:\WINDOWS\SYSTEM32;C:\WINDOWS\WinSxS\amd64_microsoft.windows.common-controls_6595b64144ccf1df_6.0.26100.3912_none_3e07963ce335137e;c:\Users\Amar WADE\.cursor\extensions\redhat.java-1.42.0-win32-x64\jre\21.0.7-win32-x86_64\bin\server;C:\Users\Amar WADE\AppData\Roaming\Cursor\User\globalStorage\redhat.java\1.42.0\config_win\org.eclipse.equinox.launcher\org.eclipse.equinox.launcher.win32.win32.x86_64_1.2.1300.v20250331-1702;C:\Users\Amar WADE\AppData\Local\Temp\jna--1343181426

VM Arguments:
jvm_args: --add-modules=ALL-SYSTEM --add-opens=java.base/java.util=ALL-UNNAMED --add-opens=java.base/java.lang=ALL-UNNAMED --add-opens=java.base/sun.nio.fs=ALL-UNNAMED -Declipse.application=org.eclipse.jdt.ls.core.id1 -Dosgi.bundles.defaultStartLevel=4 -Declipse.product=org.eclipse.jdt.ls.core.product -Djava.import.generatesMetadataFilesAtProjectRoot=false -DDetectVMInstallationsJob.disabled=true -Dfile.encoding=utf8 -XX:+UseParallelGC -XX:GCTimeRatio=4 -XX:AdaptiveSizePolicyWeight=90 -Dsun.zip.disableMemoryMapping=true -Xmx1G -Xms100m -Xlog:disable -javaagent:c:\Users\Amar WADE\.cursor\extensions\redhat.java-1.42.0-win32-x64\lombok\lombok-1.18.36.jar -XX:+HeapDumpOnOutOfMemoryError -XX:HeapDumpPath=c:\Users\Amar WADE\AppData\Roaming\Cursor\User\workspaceStorage\71472d98af3b4b16cc4d66dd398ac668\redhat.java -Daether.dependencyCollector.impl=bf 
java_command: c:\Users\Amar WADE\.cursor\extensions\redhat.java-1.42.0-win32-x64\server\plugins\org.eclipse.equinox.launcher_1.7.0.v20250424-1814.jar -configuration c:\Users\Amar WADE\AppData\Roaming\Cursor\User\globalStorage\redhat.java\1.42.0\config_win -data c:\Users\Amar WADE\AppData\Roaming\Cursor\User\workspaceStorage\71472d98af3b4b16cc4d66dd398ac668\redhat.java\jdt_ws --pipe=\\.\pipe\lsp-68cb6b9029425f397d1bd5ce4f9792d4-sock
java_class_path (initial): c:\Users\Amar WADE\.cursor\extensions\redhat.java-1.42.0-win32-x64\server\plugins\org.eclipse.equinox.launcher_1.7.0.v20250424-1814.jar
Launcher Type: SUN_STANDARD

[Global flags]
    uintx AdaptiveSizePolicyWeight                 = 90                                        {product} {command line}
     intx CICompilerCount                          = 4                                         {product} {ergonomic}
    uintx GCTimeRatio                              = 4                                         {product} {command line}
     bool HeapDumpOnOutOfMemoryError               = true                                   {manageable} {command line}
    ccstr HeapDumpPath                             = c:\Users\Amar WADE\AppData\Roaming\Cursor\User\workspaceStorage\71472d98af3b4b16cc4d66dd398ac668\redhat.java         {manageable} {command line}
   size_t InitialHeapSize                          = 104857600                                 {product} {command line}
   size_t MaxHeapSize                              = 1073741824                                {product} {command line}
   size_t MaxNewSize                               = 357564416                                 {product} {ergonomic}
   size_t MinHeapDeltaBytes                        = 524288                                    {product} {ergonomic}
   size_t MinHeapSize                              = 104857600                                 {product} {command line}
   size_t NewSize                                  = 34603008                                  {product} {ergonomic}
    uintx NonNMethodCodeHeapSize                   = 5839372                                {pd product} {ergonomic}
    uintx NonProfiledCodeHeapSize                  = 122909434                              {pd product} {ergonomic}
   size_t OldSize                                  = 70254592                                  {product} {ergonomic}
    uintx ProfiledCodeHeapSize                     = 122909434                              {pd product} {ergonomic}
    uintx ReservedCodeCacheSize                    = 251658240                              {pd product} {ergonomic}
     bool SegmentedCodeCache                       = true                                      {product} {ergonomic}
   size_t SoftMaxHeapSize                          = 1073741824                             {manageable} {ergonomic}
     bool UseCompressedOops                        = true                           {product lp64_product} {ergonomic}
     bool UseLargePagesIndividualAllocation        = false                                  {pd product} {ergonomic}
     bool UseParallelGC                            = true                                      {product} {command line}

Logging:
Log output configuration:
 #0: stdout all=off uptime,level,tags foldmultilines=false
 #1: stderr all=off uptime,level,tags foldmultilines=false

Environment Variables:
JAVA_HOME=C:\Program Files\Java\jdk-24
PATH=C:\Program Files\Common Files\Oracle\Java\javapath;C:\WINDOWS\system32;C:\WINDOWS;C:\WINDOWS\System32\Wbem;C:\WINDOWS\System32\WindowsPowerShell\v1.0\;C:\WINDOWS\System32\OpenSSH\;C:\Program Files\nodejs\;C:\Program Files\PuTTY\;C:\Program Files\Git\cmd;c:\Users\Amar WADE\AppData\Local\Programs\cursor\resources\app\bin;C:\Program Files\apache-maven-3.9.9\bin;%JAVA_HOME%\bin;C:\Program Files\apache-maven-3.9.9\bin;;C:\Program Files\Docker\Docker\resources\bin;C:\Users\Amar WADE\AppData\Local\Programs\Python\Launcher\;C:\Users\Amar WADE\AppData\Local\Microsoft\WindowsApps;C:\Users\Amar WADE\AppData\Roaming\npm;C:\Users\Amar WADE\AppData\Local\Programs\Microsoft VS Code\bin;C:\MinGW\bin;C:\Program Files\PHP;C:\IntelliJ IDEA 2025.1.1.1\bin;;C:\Users\Amar WADE\AppData\Local\Programs\cursor\resources\app\bin;
USERNAME=Amar WADE
OS=Windows_NT
PROCESSOR_IDENTIFIER=Intel64 Family 6 Model 142 Stepping 12, GenuineIntel
TMP=C:\Users\AMARWA~1\AppData\Local\Temp
TEMP=C:\Users\AMARWA~1\AppData\Local\Temp




Periodic native trim disabled

---------------  S Y S T E M  ---------------

OS:
 Windows 11 , 64 bit Build 26100 (10.0.26100.3912)
OS uptime: 6 days 21:36 hours
Hyper-V role detected

CPU: total 8 (initial active 8) (4 cores per cpu, 2 threads per core) family 6 model 142 stepping 12 microcode 0xf4, cx8, cmov, fxsr, ht, mmx, 3dnowpref, sse, sse2, sse3, ssse3, sse4.1, sse4.2, popcnt, lzcnt, tsc, tscinvbit, avx, avx2, aes, erms, clmul, bmi1, bmi2, adx, fma, vzeroupper, clflush, clflushopt, hv, rdtscp, f16c
Processor Information for processor 0
  Max Mhz: 2112, Current Mhz: 1609, Mhz Limit: 1605
Processor Information for processor 1
  Max Mhz: 2112, Current Mhz: 1609, Mhz Limit: 1605
Processor Information for processor 2
  Max Mhz: 2112, Current Mhz: 1508, Mhz Limit: 1605
Processor Information for processor 3
  Max Mhz: 2112, Current Mhz: 1609, Mhz Limit: 1605
Processor Information for processor 4
  Max Mhz: 2112, Current Mhz: 1609, Mhz Limit: 1605
Processor Information for processor 5
  Max Mhz: 2112, Current Mhz: 1609, Mhz Limit: 1605
Processor Information for processor 6
  Max Mhz: 2112, Current Mhz: 1609, Mhz Limit: 1605
Processor Information for processor 7
  Max Mhz: 2112, Current Mhz: 1609, Mhz Limit: 1605

Memory: 4k page, system-wide physical 12134M (1114M free)
TotalPageFile size 26159M (AvailPageFile size 1M)
current process WorkingSet (physical memory assigned to process): 662M, peak: 1093M
current process commit charge ("private bytes"): 909M, peak: 991M

vm_info: OpenJDK 64-Bit Server VM (21.0.7+6-LTS) for windows-amd64 JRE (21.0.7+6-LTS), built on 2025-04-15T00:00:00Z by "admin" with MS VC++ 17.7 (VS2022)

END.
